#
# There is insufficient memory for the Java Runtime Environment to continue.
# Native memory allocation (mmap) failed to map 715849728 bytes for committing reserved memory.
# Possible reasons:
#   The system is out of physical RAM or swap space
#   In 32 bit mode, the process size limit was hit
# Possible solutions:
#   Reduce memory load on the system
#   Increase physical memory or swap space
#   Check if swap backing store is full
#   Use 64 bit Java on a 64 bit OS
#   Decrease Java heap size (-Xmx/-Xms)
#   Decrease number of Java threads
#   Decrease Java thread stack sizes (-Xss)
#   Set larger code cache with -XX:ReservedCodeCacheSize=
# This output file may be truncated or incomplete.
#
#  Out of Memory Error (os_linux.cpp:2671), pid=14322, tid=140620784391936
#
# JRE version:  (8.0_20-b26) (build )
# Java VM: Java HotSpot(TM) 64-Bit Server VM (25.20-b23 mixed mode linux-amd64 compressed oops)
# Failed to write core dump. Core dumps have been disabled. To enable core dumping, try "ulimit -c unlimited" before starting Java again
#

---------------  T H R E A D  ---------------

Current thread (0x00007fe4cc00a000):  JavaThread "Unknown thread" [_thread_in_vm, id=14363, stack(0x00007fe4d3d6d000,0x00007fe4d3e6e000)]

Stack: [0x00007fe4d3d6d000,0x00007fe4d3e6e000],  sp=0x00007fe4d3e6c3c0,  free space=1020k
Native frames: (J=compiled Java code, j=interpreted, Vv=VM code, C=native code)
V  [libjvm.so+0xa76cea]  VMError::report_and_die()+0x2ca
V  [libjvm.so+0x4e52fb]  report_vm_out_of_memory(char const*, int, unsigned long, VMErrorType, char const*)+0x8b
V  [libjvm.so+0x8e4ec3]  os::Linux::commit_memory_impl(char*, unsigned long, bool)+0x103
V  [libjvm.so+0x8e5419]  os::pd_commit_memory(char*, unsigned long, unsigned long, bool)+0x29
V  [libjvm.so+0x8df0ea]  os::commit_memory(char*, unsigned long, unsigned long, bool)+0x2a
V  [libjvm.so+0xa72c19]  VirtualSpace::expand_by(unsigned long, bool)+0x1c9
V  [libjvm.so+0xa737ae]  VirtualSpace::initialize(ReservedSpace, unsigned long)+0xee
V  [libjvm.so+0x5d2591]  CardGeneration::CardGeneration(ReservedSpace, unsigned long, int, GenRemSet*)+0xf1
V  [libjvm.so+0xa1f8fc]  TenuredGeneration::TenuredGeneration(ReservedSpace, unsigned long, int, GenRemSet*)+0x5c
V  [libjvm.so+0x5d380b]  GenerationSpec::init(ReservedSpace, int, GenRemSet*)+0x33b
V  [libjvm.so+0x5c235e]  GenCollectedHeap::initialize()+0x1ee
V  [libjvm.so+0xa44d0d]  Universe::initialize_heap()+0xfd
V  [libjvm.so+0xa4512f]  universe_init()+0x3f
V  [libjvm.so+0x612055]  init_globals()+0x65
V  [libjvm.so+0xa2acdd]  Threads::create_vm(JavaVMInitArgs*, bool*)+0x24d
V  [libjvm.so+0x6a9414]  JNI_CreateJavaVM+0x74
C  [libjli.so+0x736e]  JavaMain+0x9e
C  [libpthread.so.0+0x8182]  start_thread+0xc2


---------------  P R O C E S S  ---------------

Java Threads: ( => current thread )

Other Threads:

=>0x00007fe4cc00a000 (exited) JavaThread "Unknown thread" [_thread_in_vm, id=14363, stack(0x00007fe4d3d6d000,0x00007fe4d3e6e000)]

VM state:not at safepoint (not fully initialized)

VM Mutex/Monitor currently owned by a thread: None

GC Heap History (0 events):
No events

Deoptimization events (0 events):
No events

Internal exceptions (0 events):
No events

Events (0 events):
No events


Dynamic libraries:
00400000-00401000 r-xp 00000000 08:01 530544                             /usr/lib/jvm/java-8-oracle/jre/bin/java
00600000-00601000 rw-p 00000000 08:01 530544                             /usr/lib/jvm/java-8-oracle/jre/bin/java
01da1000-01dc2000 rw-p 00000000 00:00 0                                  [heap]
c0000000-d5550000 rw-p 00000000 00:00 0 
7fe4bd000000-7fe4bd270000 rwxp 00000000 00:00 0 
7fe4bd270000-7fe4cc000000 ---p 00000000 00:00 0 
7fe4cc000000-7fe4cc033000 rw-p 00000000 00:00 0 
7fe4cc033000-7fe4d0000000 ---p 00000000 00:00 0 
7fe4d0716000-7fe4d0a36000 rw-p 00000000 00:00 0 
7fe4d0a36000-7fe4d0b8b000 ---p 00000000 00:00 0 
7fe4d0b8b000-7fe4d0b96000 rw-p 00000000 00:00 0 
7fe4d0b96000-7fe4d0f4c000 ---p 00000000 00:00 0 
7fe4d0f4c000-7fe4d0f66000 r-xp 00000000 08:01 1180463                    /usr/lib/jvm/java-8-oracle/jre/lib/amd64/libzip.so
7fe4d0f66000-7fe4d1166000 ---p 0001a000 08:01 1180463                    /usr/lib/jvm/java-8-oracle/jre/lib/amd64/libzip.so
7fe4d1166000-7fe4d1167000 rw-p 0001a000 08:01 1180463                    /usr/lib/jvm/java-8-oracle/jre/lib/amd64/libzip.so
7fe4d1167000-7fe4d1172000 r-xp 00000000 08:01 528375                     /lib/x86_64-linux-gnu/libnss_files-2.19.so
7fe4d1172000-7fe4d1371000 ---p 0000b000 08:01 528375                     /lib/x86_64-linux-gnu/libnss_files-2.19.so
7fe4d1371000-7fe4d1372000 r--p 0000a000 08:01 528375                     /lib/x86_64-linux-gnu/libnss_files-2.19.so
7fe4d1372000-7fe4d1373000 rw-p 0000b000 08:01 528375                     /lib/x86_64-linux-gnu/libnss_files-2.19.so
7fe4d1373000-7fe4d137e000 r-xp 00000000 08:01 528385                     /lib/x86_64-linux-gnu/libnss_nis-2.19.so
7fe4d137e000-7fe4d157d000 ---p 0000b000 08:01 528385                     /lib/x86_64-linux-gnu/libnss_nis-2.19.so
7fe4d157d000-7fe4d157e000 r--p 0000a000 08:01 528385                     /lib/x86_64-linux-gnu/libnss_nis-2.19.so
7fe4d157e000-7fe4d157f000 rw-p 0000b000 08:01 528385                     /lib/x86_64-linux-gnu/libnss_nis-2.19.so
7fe4d157f000-7fe4d1596000 r-xp 00000000 08:01 528369                     /lib/x86_64-linux-gnu/libnsl-2.19.so
7fe4d1596000-7fe4d1795000 ---p 00017000 08:01 528369                     /lib/x86_64-linux-gnu/libnsl-2.19.so
7fe4d1795000-7fe4d1796000 r--p 00016000 08:01 528369                     /lib/x86_64-linux-gnu/libnsl-2.19.so
7fe4d1796000-7fe4d1797000 rw-p 00017000 08:01 528369                     /lib/x86_64-linux-gnu/libnsl-2.19.so
7fe4d1797000-7fe4d1799000 rw-p 00000000 00:00 0 
7fe4d1799000-7fe4d17a2000 r-xp 00000000 08:01 528371                     /lib/x86_64-linux-gnu/libnss_compat-2.19.so
7fe4d17a2000-7fe4d19a1000 ---p 00009000 08:01 528371                     /lib/x86_64-linux-gnu/libnss_compat-2.19.so
7fe4d19a1000-7fe4d19a2000 r--p 00008000 08:01 528371                     /lib/x86_64-linux-gnu/libnss_compat-2.19.so
7fe4d19a2000-7fe4d19a3000 rw-p 00009000 08:01 528371                     /lib/x86_64-linux-gnu/libnss_compat-2.19.so
7fe4d19a3000-7fe4d19cd000 r-xp 00000000 08:01 1180442                    /usr/lib/jvm/java-8-oracle/jre/lib/amd64/libjava.so
7fe4d19cd000-7fe4d1bcd000 ---p 0002a000 08:01 1180442                    /usr/lib/jvm/java-8-oracle/jre/lib/amd64/libjava.so
7fe4d1bcd000-7fe4d1bcf000 rw-p 0002a000 08:01 1180442                    /usr/lib/jvm/java-8-oracle/jre/lib/amd64/libjava.so
7fe4d1bcf000-7fe4d1bdc000 r-xp 00000000 08:01 1180477                    /usr/lib/jvm/java-8-oracle/jre/lib/amd64/libverify.so
7fe4d1bdc000-7fe4d1ddc000 ---p 0000d000 08:01 1180477                    /usr/lib/jvm/java-8-oracle/jre/lib/amd64/libverify.so
7fe4d1ddc000-7fe4d1dde000 rw-p 0000d000 08:01 1180477                    /usr/lib/jvm/java-8-oracle/jre/lib/amd64/libverify.so
7fe4d1dde000-7fe4d1de5000 r-xp 00000000 08:01 528428                     /lib/x86_64-linux-gnu/librt-2.19.so
7fe4d1de5000-7fe4d1fe4000 ---p 00007000 08:01 528428                     /lib/x86_64-linux-gnu/librt-2.19.so
7fe4d1fe4000-7fe4d1fe5000 r--p 00006000 08:01 528428                     /lib/x86_64-linux-gnu/librt-2.19.so
7fe4d1fe5000-7fe4d1fe6000 rw-p 00007000 08:01 528428                     /lib/x86_64-linux-gnu/librt-2.19.so
7fe4d1fe6000-7fe4d20eb000 r-xp 00000000 08:01 528350                     /lib/x86_64-linux-gnu/libm-2.19.so
7fe4d20eb000-7fe4d22ea000 ---p 00105000 08:01 528350                     /lib/x86_64-linux-gnu/libm-2.19.so
7fe4d22ea000-7fe4d22eb000 r--p 00104000 08:01 528350                     /lib/x86_64-linux-gnu/libm-2.19.so
7fe4d22eb000-7fe4d22ec000 rw-p 00105000 08:01 528350                     /lib/x86_64-linux-gnu/libm-2.19.so
7fe4d22ec000-7fe4d2f56000 r-xp 00000000 08:01 1180487                    /usr/lib/jvm/java-8-oracle/jre/lib/amd64/server/libjvm.so
7fe4d2f56000-7fe4d3155000 ---p 00c6a000 08:01 1180487                    /usr/lib/jvm/java-8-oracle/jre/lib/amd64/server/libjvm.so
7fe4d3155000-7fe4d322c000 rw-p 00c69000 08:01 1180487                    /usr/lib/jvm/java-8-oracle/jre/lib/amd64/server/libjvm.so
7fe4d322c000-7fe4d326e000 rw-p 00000000 00:00 0 
7fe4d326e000-7fe4d342a000 r-xp 00000000 08:01 528300                     /lib/x86_64-linux-gnu/libc-2.19.so
7fe4d342a000-7fe4d3629000 ---p 001bc000 08:01 528300                     /lib/x86_64-linux-gnu/libc-2.19.so
7fe4d3629000-7fe4d362d000 r--p 001bb000 08:01 528300                     /lib/x86_64-linux-gnu/libc-2.19.so
7fe4d362d000-7fe4d362f000 rw-p 001bf000 08:01 528300                     /lib/x86_64-linux-gnu/libc-2.19.so
7fe4d362f000-7fe4d3634000 rw-p 00000000 00:00 0 
7fe4d3634000-7fe4d3637000 r-xp 00000000 08:01 528317                     /lib/x86_64-linux-gnu/libdl-2.19.so
7fe4d3637000-7fe4d3836000 ---p 00003000 08:01 528317                     /lib/x86_64-linux-gnu/libdl-2.19.so
7fe4d3836000-7fe4d3837000 r--p 00002000 08:01 528317                     /lib/x86_64-linux-gnu/libdl-2.19.so
7fe4d3837000-7fe4d3838000 rw-p 00003000 08:01 528317                     /lib/x86_64-linux-gnu/libdl-2.19.so
7fe4d3838000-7fe4d384d000 r-xp 00000000 08:01 1180457                    /usr/lib/jvm/java-8-oracle/jre/lib/amd64/jli/libjli.so
7fe4d384d000-7fe4d3a4c000 ---p 00015000 08:01 1180457                    /usr/lib/jvm/java-8-oracle/jre/lib/amd64/jli/libjli.so
7fe4d3a4c000-7fe4d3a4d000 rw-p 00014000 08:01 1180457                    /usr/lib/jvm/java-8-oracle/jre/lib/amd64/jli/libjli.so
7fe4d3a4d000-7fe4d3a66000 r-xp 00000000 08:01 528420                     /lib/x86_64-linux-gnu/libpthread-2.19.so
7fe4d3a66000-7fe4d3c65000 ---p 00019000 08:01 528420                     /lib/x86_64-linux-gnu/libpthread-2.19.so
7fe4d3c65000-7fe4d3c66000 r--p 00018000 08:01 528420                     /lib/x86_64-linux-gnu/libpthread-2.19.so
7fe4d3c66000-7fe4d3c67000 rw-p 00019000 08:01 528420                     /lib/x86_64-linux-gnu/libpthread-2.19.so
7fe4d3c67000-7fe4d3c6b000 rw-p 00000000 00:00 0 
7fe4d3c6b000-7fe4d3c8e000 r-xp 00000000 08:01 528276                     /lib/x86_64-linux-gnu/ld-2.19.so
7fe4d3d6d000-7fe4d3d70000 ---p 00000000 00:00 0 
7fe4d3d70000-7fe4d3e72000 rw-p 00000000 00:00 0                          [stack:14363]
7fe4d3e7e000-7fe4d3e81000 rw-p 00000000 00:00 0 
7fe4d3e81000-7fe4d3e89000 rw-s 00000000 08:01 922466                     /tmp/hsperfdata_agauyeung/14322
7fe4d3e89000-7fe4d3e8a000 rw-p 00000000 00:00 0 
7fe4d3e8a000-7fe4d3e8b000 r--p 00000000 00:00 0 
7fe4d3e8b000-7fe4d3e8d000 rw-p 00000000 00:00 0 
7fe4d3e8d000-7fe4d3e8e000 r--p 00022000 08:01 528276                     /lib/x86_64-linux-gnu/ld-2.19.so
7fe4d3e8e000-7fe4d3e8f000 rw-p 00023000 08:01 528276                     /lib/x86_64-linux-gnu/ld-2.19.so
7fe4d3e8f000-7fe4d3e90000 rw-p 00000000 00:00 0 
7fffd751c000-7fffd753d000 rw-p 00000000 00:00 0                          [stack]
7fffd75fe000-7fffd7600000 r-xp 00000000 00:00 0                          [vdso]
ffffffffff600000-ffffffffff601000 r-xp 00000000 00:00 0                  [vsyscall]

VM Arguments:
jvm_args: -Dactivator.home=/home/agauyeung/typesafe_activator_1.3.6/play2torial -Xms1024m -Xmx1024m -XX:MetaspaceSize=64m -XX:MaxMetaspaceSize=256m 
java_command: /home/agauyeung/typesafe_activator_1.3.6/play2torial/activator-launch-1.3.6.jar ~run
java_class_path (initial): /home/agauyeung/typesafe_activator_1.3.6/play2torial/activator-launch-1.3.6.jar
Launcher Type: SUN_STANDARD

Environment Variables:
PATH=/home/agauyeung/bin:/usr/local/sbin:/usr/local/bin:/usr/sbin:/usr/bin:/sbin:/bin:/usr/games:/usr/local/games:/usr/local/go/bin
SHELL=/bin/bash
DISPLAY=:0

Signal Handlers:
SIGSEGV: [libjvm.so+0xa77530], sa_mask[0]=11111111011111111101111111111110, sa_flags=SA_RESTART|SA_SIGINFO
SIGBUS: [libjvm.so+0xa77530], sa_mask[0]=11111111011111111101111111111110, sa_flags=SA_RESTART|SA_SIGINFO
SIGFPE: [libjvm.so+0x8e1d90], sa_mask[0]=11111111011111111101111111111110, sa_flags=SA_RESTART|SA_SIGINFO
SIGPIPE: [libjvm.so+0x8e1d90], sa_mask[0]=11111111011111111101111111111110, sa_flags=SA_RESTART|SA_SIGINFO
SIGXFSZ: [libjvm.so+0x8e1d90], sa_mask[0]=11111111011111111101111111111110, sa_flags=SA_RESTART|SA_SIGINFO
SIGILL: [libjvm.so+0x8e1d90], sa_mask[0]=11111111011111111101111111111110, sa_flags=SA_RESTART|SA_SIGINFO
SIGUSR1: SIG_DFL, sa_mask[0]=00000000000000000000000000000000, sa_flags=none
SIGUSR2: [libjvm.so+0x8e35c0], sa_mask[0]=00000000000000000000000000000000, sa_flags=SA_RESTART|SA_SIGINFO
SIGHUP: SIG_DFL, sa_mask[0]=00000000000000000000000000000000, sa_flags=none
SIGINT: SIG_DFL, sa_mask[0]=00000000000000000000000000000000, sa_flags=none
SIGTERM: SIG_DFL, sa_mask[0]=00000000000000000000000000000000, sa_flags=none
SIGQUIT: SIG_DFL, sa_mask[0]=00000000000000000000000000000000, sa_flags=none


---------------  S Y S T E M  ---------------

OS:DISTRIB_ID=Ubuntu
DISTRIB_RELEASE=14.04
DISTRIB_CODENAME=trusty
DISTRIB_DESCRIPTION="Ubuntu 14.04 LTS"

uname:Linux 3.13.0-24-generic #46-Ubuntu SMP Thu Apr 10 19:11:08 UTC 2014 x86_64
libc:glibc 2.19 NPTL 2.19 
rlimit: STACK 8192k, CORE 0k, NPROC 7784, NOFILE 4096, AS infinity
load average:0.32 0.34 0.57

/proc/meminfo:
MemTotal:        1017912 kB
MemFree:           68400 kB
Buffers:            2080 kB
Cached:            50016 kB
SwapCached:       140672 kB
Active:           432232 kB
Inactive:         434080 kB
Active(anon):     408968 kB
Inactive(anon):   411764 kB
Active(file):      23264 kB
Inactive(file):    22316 kB
Unevictable:          32 kB
Mlocked:              32 kB
SwapTotal:       1046524 kB
SwapFree:         286356 kB
Dirty:               140 kB
Writeback:             0 kB
AnonPages:        673692 kB
Mapped:            31088 kB
Shmem:              6440 kB
Slab:              32832 kB
SReclaimable:      13912 kB
SUnreclaim:        18920 kB
KernelStack:        3168 kB
PageTables:        27648 kB
NFS_Unstable:          0 kB
Bounce:                0 kB
WritebackTmp:          0 kB
CommitLimit:     1555480 kB
Committed_AS:    4617440 kB
VmallocTotal:   34359738367 kB
VmallocUsed:       29212 kB
VmallocChunk:   34359694831 kB
HardwareCorrupted:     0 kB
AnonHugePages:     43008 kB
HugePages_Total:       0
HugePages_Free:        0
HugePages_Rsvd:        0
HugePages_Surp:        0
Hugepagesize:       2048 kB
DirectMap4k:       34752 kB
DirectMap2M:     1013760 kB


CPU:total 1 (1 cores per cpu, 1 threads per core) family 6 model 42 stepping 7, cmov, cx8, fxsr, mmx, sse, sse2, sse3, ssse3, tsc

/proc/cpuinfo:
processor	: 0
vendor_id	: GenuineIntel
cpu family	: 6
model		: 42
model name	: Intel(R) Core(TM) i5-2520M CPU @ 2.50GHz
stepping	: 7
cpu MHz		: 2468.314
cache size	: 6144 KB
physical id	: 0
siblings	: 1
core id		: 0
cpu cores	: 1
apicid		: 0
initial apicid	: 0
fpu		: yes
fpu_exception	: yes
cpuid level	: 5
wp		: yes
flags		: fpu vme de pse tsc msr pae mce cx8 apic sep mtrr pge mca cmov pat pse36 clflush mmx fxsr sse sse2 syscall nx rdtscp lm constant_tsc rep_good nopl pni monitor ssse3 lahf_lm
bogomips	: 4936.62
clflush size	: 64
cache_alignment	: 64
address sizes	: 36 bits physical, 48 bits virtual
power management:



Memory: 4k page, physical 1017912k(68400k free), swap 1046524k(286356k free)

vm_info: Java HotSpot(TM) 64-Bit Server VM (25.20-b23) for linux-amd64 JRE (1.8.0_20-b26), built on Jul 30 2014 13:13:52 by "java_re" with gcc 4.3.0 20080428 (Red Hat 4.3.0-8)

time: Sun Sep 20 22:07:26 2015
elapsed time: 0 seconds (0d 0h 0m 0s)

